d:\fs_mobile\programs\doc\recastnavigation\recast_fs_vs_demo\build\vs2015\x64\release\vc140.pdb
d:\fs_mobile\programs\doc\recastnavigation\recast_fs_vs_demo\build\vs2015\x64\release\vc140.idb
d:\fs_mobile\programs\doc\recastnavigation\recast_fs_vs_demo\build\vs2015\x64\release\detournavmesh.obj
d:\fs_mobile\programs\doc\recastnavigation\recast_fs_vs_demo\build\vs2015\x64\release\detournavmeshbuilder.obj
d:\fs_mobile\programs\doc\recastnavigation\recast_fs_vs_demo\build\vs2015\x64\release\detournavmeshquery.obj
d:\fs_mobile\programs\doc\recastnavigation\recast_fs_vs_demo\build\vs2015\x64\release\detournode.obj
d:\fs_mobile\programs\doc\recastnavigation\recast_fs_vs_demo\build\vs2015\x64\release\detourobstacleavoidance.obj
d:\fs_mobile\programs\doc\recastnavigation\recast_fs_vs_demo\build\vs2015\x64\release\detourpathcorridor.obj
d:\fs_mobile\programs\doc\recastnavigation\recast_fs_vs_demo\build\vs2015\x64\release\detourpathqueue.obj
d:\fs_mobile\programs\doc\recastnavigation\recast_fs_vs_demo\build\vs2015\x64\release\detourproximitygrid.obj
d:\fs_mobile\programs\doc\recastnavigation\recast_fs_vs_demo\build\vs2015\x64\release\detourtilecache.obj
d:\fs_mobile\programs\doc\recastnavigation\recast_fs_vs_demo\build\vs2015\x64\release\detourtilecachebuilder.obj
d:\fs_mobile\programs\doc\recastnavigation\recast_fs_vs_demo\build\vs2015\x64\release\recast.obj
d:\fs_mobile\programs\doc\recastnavigation\recast_fs_vs_demo\build\vs2015\x64\release\recastalloc.obj
d:\fs_mobile\programs\doc\recastnavigation\recast_fs_vs_demo\build\vs2015\x64\release\recastarea.obj
d:\fs_mobile\programs\doc\recastnavigation\recast_fs_vs_demo\build\vs2015\x64\release\recastcontour.obj
d:\fs_mobile\programs\doc\recastnavigation\recast_fs_vs_demo\build\vs2015\x64\release\recastfilter.obj
d:\fs_mobile\programs\doc\recastnavigation\recast_fs_vs_demo\build\vs2015\x64\release\recastlayers.obj
d:\fs_mobile\programs\doc\recastnavigation\recast_fs_vs_demo\build\vs2015\x64\release\recastmesh.obj
d:\fs_mobile\programs\doc\recastnavigation\recast_fs_vs_demo\build\vs2015\x64\release\recastmeshdetail.obj
d:\fs_mobile\programs\doc\recastnavigation\recast_fs_vs_demo\build\vs2015\x64\release\recastrasterization.obj
d:\fs_mobile\programs\doc\recastnavigation\recast_fs_vs_demo\build\vs2015\x64\release\recastregion.obj
d:\fs_mobile\programs\doc\recastnavigation\recast_fs_vs_demo\build\vs2015\x64\release\javalib.obj
d:\fs_mobile\programs\doc\recastnavigation\recast_fs_vs_demo\build\vs2015\x64\release\navmesh.obj
d:\fs_mobile\programs\doc\recastnavigation\recast_fs_vs_demo\build\vs2015\x64\release\fsdemo.obj
d:\fs_mobile\programs\doc\recastnavigation\recast_fs_vs_demo\build\vs2015\x64\release\detouralloc.obj
d:\fs_mobile\programs\doc\recastnavigation\recast_fs_vs_demo\build\vs2015\x64\release\detourcommon.obj
d:\fs_mobile\programs\doc\recastnavigation\recast_fs_vs_demo\build\vs2015\x64\release\detourcrowd.obj
d:\fs_mobile\programs\doc\recastnavigation\recast_fs_vs_demo\build\vs2015\x64\release\detourlocalboundary.obj
g:\work\recast_demo\build\vs2015\x64\release\recastdll.dll
g:\work\recast_demo\build\vs2015\x64\release\recastdll.pdb
g:\work\recast_demo\bin\recastdll.lib
g:\work\recast_demo\bin\recastdll.exp
d:\fs_mobile\programs\doc\recastnavigation\recast_fs_vs_demo\bin\recastdll.lib
d:\fs_mobile\programs\doc\recastnavigation\recast_fs_vs_demo\bin\recastdll.exp
d:\fs_mobile\programs\doc\recastnavigation\recast_fs_vs_demo\build\vs2015\x64\release\recastdll.pdb
d:\fs_mobile\programs\doc\recastnavigation\recast_fs_vs_demo\build\vs2015\x64\release\recastdll.tlog\cl.command.1.tlog
d:\fs_mobile\programs\doc\recastnavigation\recast_fs_vs_demo\build\vs2015\x64\release\recastdll.tlog\cl.read.1.tlog
d:\fs_mobile\programs\doc\recastnavigation\recast_fs_vs_demo\build\vs2015\x64\release\recastdll.tlog\cl.write.1.tlog
d:\fs_mobile\programs\doc\recastnavigation\recast_fs_vs_demo\build\vs2015\x64\release\recastdll.tlog\link.136824.read.1.tlog
d:\fs_mobile\programs\doc\recastnavigation\recast_fs_vs_demo\build\vs2015\x64\release\recastdll.tlog\link.136824.write.1.tlog
d:\fs_mobile\programs\doc\recastnavigation\recast_fs_vs_demo\build\vs2015\x64\release\recastdll.tlog\link.140028.read.1.tlog
d:\fs_mobile\programs\doc\recastnavigation\recast_fs_vs_demo\build\vs2015\x64\release\recastdll.tlog\link.140028.write.1.tlog
d:\fs_mobile\programs\doc\recastnavigation\recast_fs_vs_demo\build\vs2015\x64\release\recastdll.tlog\link.140472.read.1.tlog
d:\fs_mobile\programs\doc\recastnavigation\recast_fs_vs_demo\build\vs2015\x64\release\recastdll.tlog\link.140472.write.1.tlog
d:\fs_mobile\programs\doc\recastnavigation\recast_fs_vs_demo\build\vs2015\x64\release\recastdll.tlog\link.command.1.tlog
d:\fs_mobile\programs\doc\recastnavigation\recast_fs_vs_demo\build\vs2015\x64\release\recastdll.tlog\link.read.1.tlog
d:\fs_mobile\programs\doc\recastnavigation\recast_fs_vs_demo\build\vs2015\x64\release\recastdll.tlog\link.write.1.tlog
d:\fs_mobile\programs\doc\recastnavigation\recast_fs_vs_demo\build\vs2015\x64\release\recastdll.tlog\recastdll.write.1u.tlog
