cl : 命令行 warning D9025: 正在重写“/sdl-”(用“/GS-”)
cl : 命令行 warning D9007: “/Gm”需要“/Zi 或 /ZI”；选项被忽略
cl : 命令行 warning D9002: 忽略未知选项“/arch:SSE2”
  javalib.cpp
  NavMesh.cpp
  fsdemo.cpp
  DetourAlloc.cpp
  DetourCommon.cpp
  DetourCrowd.cpp
  DetourLocalBoundary.cpp
  DetourNavMesh.cpp
  DetourNavMeshBuilder.cpp
  DetourNavMeshQuery.cpp
  DetourNode.cpp
  DetourObstacleAvoidance.cpp
..\..\Source\DetourObstacleAvoidance.cpp(334): warning C4244: “初始化”: 从“double”转换到“float”，可能丢失数据
  DetourPathCorridor.cpp
  DetourPathQueue.cpp
  DetourProximityGrid.cpp
  DetourTileCache.cpp
  DetourTileCacheBuilder.cpp
  Recast.cpp
  RecastAlloc.cpp
  RecastArea.cpp
  正在编译...
  RecastContour.cpp
  RecastFilter.cpp
  RecastLayers.cpp
  RecastMesh.cpp
  RecastMeshDetail.cpp
  RecastRasterization.cpp
  RecastRegion.cpp
  javalib.obj : 找到 MSIL .netmodule 或使用 /GL 编译的模块；正在使用 /LTCG 重新启动链接；将 /LTCG 添加到链接命令行以改进链接器性能
    正在创建库 ..\..\Bin\recastDll.lib 和对象 ..\..\Bin\recastDll.exp
  正在生成代码
  已完成代码的生成
  recastDll.vcxproj -> G:\work\mygithub\unity_navmesh_for_java\recast_vs_lib\Build\vs2015\x64\Release\recastDll.dll
